<?xml version="1.0" encoding="UTF-8"?>
<testsuite xmlns:xsi="http://www.w3.org/2001/XMLSchema-instance" xsi:noNamespaceSchemaLocation="https://maven.apache.org/surefire/maven-surefire-plugin/xsd/surefire-test-report.xsd" name="hustleMV.service.InventoryServiceTest" time="0.196" tests="32" errors="32" skipped="0" failures="0">
  <properties>
[...]
</properties>
  <testcase name="test_price_invalid{RepetitionInfo}[1]" classname="hustleMV.service.InventoryServiceTest" time="0.002">
    <error message="Unable to make hustleMV.service.InventoryServiceTest() accessible: module inventory does not &quot;opens hustleMV.service&quot; to unnamed module @1184ab05" type="java.lang.reflect.InaccessibleObjectException">java.lang.reflect.InaccessibleObjectException: Unable to make hustleMV.service.InventoryServiceTest() accessible: module inventory does not "opens hustleMV.service" to unnamed module @1184ab05
</error>
  </testcase>
  <testcase name="test_price_invalid{RepetitionInfo}[2]" classname="hustleMV.service.InventoryServiceTest" time="0">
    <error message="Unable to make hustleMV.service.InventoryServiceTest() accessible: module inventory does not &quot;opens hustleMV.service&quot; to unnamed module @1184ab05" type="java.lang.reflect.InaccessibleObjectException">java.lang.reflect.InaccessibleObjectException: Unable to make hustleMV.service.InventoryServiceTest() accessible: module inventory does not "opens hustleMV.service" to unnamed module @1184ab05
</error>
  </testcase>
  <testcase name="test_price_invalid{RepetitionInfo}[3]" classname="hustleMV.service.InventoryServiceTest" time="0">
    <error message="Unable to make hustleMV.service.InventoryServiceTest() accessible: module inventory does not &quot;opens hustleMV.service&quot; to unnamed module @1184ab05" type="java.lang.reflect.InaccessibleObjectException">java.lang.reflect.InaccessibleObjectException: Unable to make hustleMV.service.InventoryServiceTest() accessible: module inventory does not "opens hustleMV.service" to unnamed module @1184ab05
</error>
  </testcase>
  <testcase name="test_price_invalid{RepetitionInfo}[4]" classname="hustleMV.service.InventoryServiceTest" time="0">
    <error message="Unable to make hustleMV.service.InventoryServiceTest() accessible: module inventory does not &quot;opens hustleMV.service&quot; to unnamed module @1184ab05" type="java.lang.reflect.InaccessibleObjectException">java.lang.reflect.InaccessibleObjectException: Unable to make hustleMV.service.InventoryServiceTest() accessible: module inventory does not "opens hustleMV.service" to unnamed module @1184ab05
</error>
  </testcase>
  <testcase name="test_price_invalid{RepetitionInfo}[5]" classname="hustleMV.service.InventoryServiceTest" time="0">
    <error message="Unable to make hustleMV.service.InventoryServiceTest() accessible: module inventory does not &quot;opens hustleMV.service&quot; to unnamed module @1184ab05" type="java.lang.reflect.InaccessibleObjectException">java.lang.reflect.InaccessibleObjectException: Unable to make hustleMV.service.InventoryServiceTest() accessible: module inventory does not "opens hustleMV.service" to unnamed module @1184ab05
</error>
  </testcase>
  <testcase name="test_instock_valid_ecp1{int}[1]" classname="hustleMV.service.InventoryServiceTest" time="0">
    <error message="Unable to make hustleMV.service.InventoryServiceTest() accessible: module inventory does not &quot;opens hustleMV.service&quot; to unnamed module @1184ab05" type="java.lang.reflect.InaccessibleObjectException">java.lang.reflect.InaccessibleObjectException: Unable to make hustleMV.service.InventoryServiceTest() accessible: module inventory does not "opens hustleMV.service" to unnamed module @1184ab05
</error>
  </testcase>
  <testcase name="test_instock_valid_ecp2{int}[1]" classname="hustleMV.service.InventoryServiceTest" time="0.002">
    <error message="Unable to make hustleMV.service.InventoryServiceTest() accessible: module inventory does not &quot;opens hustleMV.service&quot; to unnamed module @1184ab05" type="java.lang.reflect.InaccessibleObjectException">java.lang.reflect.InaccessibleObjectException: Unable to make hustleMV.service.InventoryServiceTest() accessible: module inventory does not "opens hustleMV.service" to unnamed module @1184ab05
</error>
  </testcase>
  <testcase name="test_instock_invalid_2{int}[1]" classname="hustleMV.service.InventoryServiceTest" time="0.001">
    <error message="Unable to make hustleMV.service.InventoryServiceTest() accessible: module inventory does not &quot;opens hustleMV.service&quot; to unnamed module @1184ab05" type="java.lang.reflect.InaccessibleObjectException">java.lang.reflect.InaccessibleObjectException: Unable to make hustleMV.service.InventoryServiceTest() accessible: module inventory does not "opens hustleMV.service" to unnamed module @1184ab05
</error>
  </testcase>
  <testcase name="test_instock_invalid_2{int}[2]" classname="hustleMV.service.InventoryServiceTest" time="0.001">
    <error message="Unable to make hustleMV.service.InventoryServiceTest() accessible: module inventory does not &quot;opens hustleMV.service&quot; to unnamed module @1184ab05" type="java.lang.reflect.InaccessibleObjectException">java.lang.reflect.InaccessibleObjectException: Unable to make hustleMV.service.InventoryServiceTest() accessible: module inventory does not "opens hustleMV.service" to unnamed module @1184ab05
</error>
  </testcase>
  <testcase name="test_instock_invalid_4{int}[1]" classname="hustleMV.service.InventoryServiceTest" time="0.002">
    <error message="Unable to make hustleMV.service.InventoryServiceTest() accessible: module inventory does not &quot;opens hustleMV.service&quot; to unnamed module @1184ab05" type="java.lang.reflect.InaccessibleObjectException">java.lang.reflect.InaccessibleObjectException: Unable to make hustleMV.service.InventoryServiceTest() accessible: module inventory does not "opens hustleMV.service" to unnamed module @1184ab05
</error>
  </testcase>
  <testcase name="test_instock_valid_1{int}[1]" classname="hustleMV.service.InventoryServiceTest" time="0.002">
    <error message="Unable to make hustleMV.service.InventoryServiceTest() accessible: module inventory does not &quot;opens hustleMV.service&quot; to unnamed module @1184ab05" type="java.lang.reflect.InaccessibleObjectException">java.lang.reflect.InaccessibleObjectException: Unable to make hustleMV.service.InventoryServiceTest() accessible: module inventory does not "opens hustleMV.service" to unnamed module @1184ab05
</error>
  </testcase>
  <testcase name="test_instock_valid_1{int}[2]" classname="hustleMV.service.InventoryServiceTest" time="0.002">
    <error message="Unable to make hustleMV.service.InventoryServiceTest() accessible: module inventory does not &quot;opens hustleMV.service&quot; to unnamed module @1184ab05" type="java.lang.reflect.InaccessibleObjectException">java.lang.reflect.InaccessibleObjectException: Unable to make hustleMV.service.InventoryServiceTest() accessible: module inventory does not "opens hustleMV.service" to unnamed module @1184ab05
</error>
  </testcase>
  <testcase name="test_instock_valid_1{int}[3]" classname="hustleMV.service.InventoryServiceTest" time="0">
    <error message="Unable to make hustleMV.service.InventoryServiceTest() accessible: module inventory does not &quot;opens hustleMV.service&quot; to unnamed module @1184ab05" type="java.lang.reflect.InaccessibleObjectException">java.lang.reflect.InaccessibleObjectException: Unable to make hustleMV.service.InventoryServiceTest() accessible: module inventory does not "opens hustleMV.service" to unnamed module @1184ab05
</error>
  </testcase>
  <testcase name="test_instock_valid_1{int}[4]" classname="hustleMV.service.InventoryServiceTest" time="0.001">
    <error message="Unable to make hustleMV.service.InventoryServiceTest() accessible: module inventory does not &quot;opens hustleMV.service&quot; to unnamed module @1184ab05" type="java.lang.reflect.InaccessibleObjectException">java.lang.reflect.InaccessibleObjectException: Unable to make hustleMV.service.InventoryServiceTest() accessible: module inventory does not "opens hustleMV.service" to unnamed module @1184ab05
</error>
  </testcase>
  <testcase name="test_instock_valid_1{int}[5]" classname="hustleMV.service.InventoryServiceTest" time="0.001">
    <error message="Unable to make hustleMV.service.InventoryServiceTest() accessible: module inventory does not &quot;opens hustleMV.service&quot; to unnamed module @1184ab05" type="java.lang.reflect.InaccessibleObjectException">java.lang.reflect.InaccessibleObjectException: Unable to make hustleMV.service.InventoryServiceTest() accessible: module inventory does not "opens hustleMV.service" to unnamed module @1184ab05
</error>
  </testcase>
  <testcase name="test_instock_valid_3{int}[1]" classname="hustleMV.service.InventoryServiceTest" time="0">
    <error message="Unable to make hustleMV.service.InventoryServiceTest() accessible: module inventory does not &quot;opens hustleMV.service&quot; to unnamed module @1184ab05" type="java.lang.reflect.InaccessibleObjectException">java.lang.reflect.InaccessibleObjectException: Unable to make hustleMV.service.InventoryServiceTest() accessible: module inventory does not "opens hustleMV.service" to unnamed module @1184ab05
</error>
  </testcase>
  <testcase name="test_instock_valid_3{int}[2]" classname="hustleMV.service.InventoryServiceTest" time="0">
    <error message="Unable to make hustleMV.service.InventoryServiceTest() accessible: module inventory does not &quot;opens hustleMV.service&quot; to unnamed module @1184ab05" type="java.lang.reflect.InaccessibleObjectException">java.lang.reflect.InaccessibleObjectException: Unable to make hustleMV.service.InventoryServiceTest() accessible: module inventory does not "opens hustleMV.service" to unnamed module @1184ab05
</error>
  </testcase>
  <testcase name="test_instock_valid_3{int}[3]" classname="hustleMV.service.InventoryServiceTest" time="0">
    <error message="Unable to make hustleMV.service.InventoryServiceTest() accessible: module inventory does not &quot;opens hustleMV.service&quot; to unnamed module @1184ab05" type="java.lang.reflect.InaccessibleObjectException">java.lang.reflect.InaccessibleObjectException: Unable to make hustleMV.service.InventoryServiceTest() accessible: module inventory does not "opens hustleMV.service" to unnamed module @1184ab05
</error>
  </testcase>
  <testcase name="test_price_invalid2{RepetitionInfo}[1]" classname="hustleMV.service.InventoryServiceTest" time="0.004">
    <error message="Unable to make hustleMV.service.InventoryServiceTest() accessible: module inventory does not &quot;opens hustleMV.service&quot; to unnamed module @1184ab05" type="java.lang.reflect.InaccessibleObjectException">java.lang.reflect.InaccessibleObjectException: Unable to make hustleMV.service.InventoryServiceTest() accessible: module inventory does not "opens hustleMV.service" to unnamed module @1184ab05
</error>
  </testcase>
  <testcase name="test_price_invalid3" classname="hustleMV.service.InventoryServiceTest" time="0.005">
    <error message="Unable to make hustleMV.service.InventoryServiceTest() accessible: module inventory does not &quot;opens hustleMV.service&quot; to unnamed module @1184ab05" type="java.lang.reflect.InaccessibleObjectException">java.lang.reflect.InaccessibleObjectException: Unable to make hustleMV.service.InventoryServiceTest() accessible: module inventory does not "opens hustleMV.service" to unnamed module @1184ab05
</error>
  </testcase>
  <testcase name="test_instock_invalid_ecp1{int}[1]" classname="hustleMV.service.InventoryServiceTest" time="0.001">
    <error message="Unable to make hustleMV.service.InventoryServiceTest() accessible: module inventory does not &quot;opens hustleMV.service&quot; to unnamed module @1184ab05" type="java.lang.reflect.InaccessibleObjectException">java.lang.reflect.InaccessibleObjectException: Unable to make hustleMV.service.InventoryServiceTest() accessible: module inventory does not "opens hustleMV.service" to unnamed module @1184ab05
</error>
  </testcase>
  <testcase name="test_instock_invalid_ecp2{int}[1]" classname="hustleMV.service.InventoryServiceTest" time="0.004">
    <error message="Unable to make hustleMV.service.InventoryServiceTest() accessible: module inventory does not &quot;opens hustleMV.service&quot; to unnamed module @1184ab05" type="java.lang.reflect.InaccessibleObjectException">java.lang.reflect.InaccessibleObjectException: Unable to make hustleMV.service.InventoryServiceTest() accessible: module inventory does not "opens hustleMV.service" to unnamed module @1184ab05
</error>
  </testcase>
  <testcase name="test_price_valid2{RepetitionInfo}[1]" classname="hustleMV.service.InventoryServiceTest" time="0.008">
    <error message="Unable to make hustleMV.service.InventoryServiceTest() accessible: module inventory does not &quot;opens hustleMV.service&quot; to unnamed module @1184ab05" type="java.lang.reflect.InaccessibleObjectException">java.lang.reflect.InaccessibleObjectException: Unable to make hustleMV.service.InventoryServiceTest() accessible: module inventory does not "opens hustleMV.service" to unnamed module @1184ab05
</error>
  </testcase>
  <testcase name="test_price_valid2{RepetitionInfo}[2]" classname="hustleMV.service.InventoryServiceTest" time="0">
    <error message="Unable to make hustleMV.service.InventoryServiceTest() accessible: module inventory does not &quot;opens hustleMV.service&quot; to unnamed module @1184ab05" type="java.lang.reflect.InaccessibleObjectException">java.lang.reflect.InaccessibleObjectException: Unable to make hustleMV.service.InventoryServiceTest() accessible: module inventory does not "opens hustleMV.service" to unnamed module @1184ab05
</error>
  </testcase>
  <testcase name="test_price_valid2{RepetitionInfo}[3]" classname="hustleMV.service.InventoryServiceTest" time="0.001">
    <error message="Unable to make hustleMV.service.InventoryServiceTest() accessible: module inventory does not &quot;opens hustleMV.service&quot; to unnamed module @1184ab05" type="java.lang.reflect.InaccessibleObjectException">java.lang.reflect.InaccessibleObjectException: Unable to make hustleMV.service.InventoryServiceTest() accessible: module inventory does not "opens hustleMV.service" to unnamed module @1184ab05
</error>
  </testcase>
  <testcase name="test_price_valid2{RepetitionInfo}[4]" classname="hustleMV.service.InventoryServiceTest" time="0">
    <error message="Unable to make hustleMV.service.InventoryServiceTest() accessible: module inventory does not &quot;opens hustleMV.service&quot; to unnamed module @1184ab05" type="java.lang.reflect.InaccessibleObjectException">java.lang.reflect.InaccessibleObjectException: Unable to make hustleMV.service.InventoryServiceTest() accessible: module inventory does not "opens hustleMV.service" to unnamed module @1184ab05
</error>
  </testcase>
  <testcase name="test_price_valid2{RepetitionInfo}[5]" classname="hustleMV.service.InventoryServiceTest" time="0.001">
    <error message="Unable to make hustleMV.service.InventoryServiceTest() accessible: module inventory does not &quot;opens hustleMV.service&quot; to unnamed module @1184ab05" type="java.lang.reflect.InaccessibleObjectException">java.lang.reflect.InaccessibleObjectException: Unable to make hustleMV.service.InventoryServiceTest() accessible: module inventory does not "opens hustleMV.service" to unnamed module @1184ab05
</error>
  </testcase>
  <testcase name="test_price_valid{RepetitionInfo}[1]" classname="hustleMV.service.InventoryServiceTest" time="0">
    <error message="Unable to make hustleMV.service.InventoryServiceTest() accessible: module inventory does not &quot;opens hustleMV.service&quot; to unnamed module @1184ab05" type="java.lang.reflect.InaccessibleObjectException">java.lang.reflect.InaccessibleObjectException: Unable to make hustleMV.service.InventoryServiceTest() accessible: module inventory does not "opens hustleMV.service" to unnamed module @1184ab05
</error>
  </testcase>
  <testcase name="test_price_valid{RepetitionInfo}[2]" classname="hustleMV.service.InventoryServiceTest" time="0">
    <error message="Unable to make hustleMV.service.InventoryServiceTest() accessible: module inventory does not &quot;opens hustleMV.service&quot; to unnamed module @1184ab05" type="java.lang.reflect.InaccessibleObjectException">java.lang.reflect.InaccessibleObjectException: Unable to make hustleMV.service.InventoryServiceTest() accessible: module inventory does not "opens hustleMV.service" to unnamed module @1184ab05
</error>
  </testcase>
  <testcase name="test_price_valid{RepetitionInfo}[3]" classname="hustleMV.service.InventoryServiceTest" time="0">
    <error message="Unable to make hustleMV.service.InventoryServiceTest() accessible: module inventory does not &quot;opens hustleMV.service&quot; to unnamed module @1184ab05" type="java.lang.reflect.InaccessibleObjectException">java.lang.reflect.InaccessibleObjectException: Unable to make hustleMV.service.InventoryServiceTest() accessible: module inventory does not "opens hustleMV.service" to unnamed module @1184ab05
</error>
  </testcase>
  <testcase name="test_price_valid{RepetitionInfo}[4]" classname="hustleMV.service.InventoryServiceTest" time="0.001">
    <error message="Unable to make hustleMV.service.InventoryServiceTest() accessible: module inventory does not &quot;opens hustleMV.service&quot; to unnamed module @1184ab05" type="java.lang.reflect.InaccessibleObjectException">java.lang.reflect.InaccessibleObjectException: Unable to make hustleMV.service.InventoryServiceTest() accessible: module inventory does not "opens hustleMV.service" to unnamed module @1184ab05
</error>
  </testcase>
  <testcase name="test_price_valid{RepetitionInfo}[5]" classname="hustleMV.service.InventoryServiceTest" time="0.007">
    <error message="Unable to make hustleMV.service.InventoryServiceTest() accessible: module inventory does not &quot;opens hustleMV.service&quot; to unnamed module @1184ab05" type="java.lang.reflect.InaccessibleObjectException">java.lang.reflect.InaccessibleObjectException: Unable to make hustleMV.service.InventoryServiceTest() accessible: module inventory does not "opens hustleMV.service" to unnamed module @1184ab05
</error>
  </testcase>
</testsuite>